app/build/intermediates/manifest_merge_blame_file/debug/manifest-merger-blame-debug-report.txt
1<?xml version="1.0" encoding="utf-8"?>
2<manifest xmlns:android="http://schemas.android.com/apk/res/android"
3    package="de.hauke_stieler.geonotes"
4    android:versionCode="1001000"
5    android:versionName="1.1.0" >
6
7    <uses-sdk
8        android:minSdkVersion="16"
8-->src\main\AndroidManifest.xml
9        android:targetSdkVersion="30" />
9-->src\main\AndroidManifest.xml
10
11    <uses-permission android:name="android.permission.ACCESS_FINE_LOCATION" />
11-->src\main\AndroidManifest.xml:5:5-79
11-->src\main\AndroidManifest.xml:5:22-76
12    <uses-permission android:name="android.permission.INTERNET" />
12-->src\main\AndroidManifest.xml:6:5-67
12-->src\main\AndroidManifest.xml:6:22-64
13    <uses-permission android:name="android.permission.ACCESS_NETWORK_STATE" />
13-->src\main\AndroidManifest.xml:7:5-79
13-->src\main\AndroidManifest.xml:7:22-76
14    <uses-permission android:name="android.permission.WRITE_EXTERNAL_STORAGE" />
14-->src\main\AndroidManifest.xml:8:5-81
14-->src\main\AndroidManifest.xml:8:22-78
15    <uses-permission android:name="android.permission.WAKE_LOCK" />
15-->src\main\AndroidManifest.xml:9:5-68
15-->src\main\AndroidManifest.xml:9:22-65
16
17    <supports-screens
17-->[org.osmdroid:osmdroid-android:6.1.8] AndroidManifest.xml:11:5-14:40
18        android:anyDensity="true"
18-->[org.osmdroid:osmdroid-android:6.1.8] AndroidManifest.xml:12:9-34
19        android:largeScreens="true"
19-->[org.osmdroid:osmdroid-android:6.1.8] AndroidManifest.xml:13:9-36
20        android:normalScreens="true" />
20-->[org.osmdroid:osmdroid-android:6.1.8] AndroidManifest.xml:14:9-37
21
22    <uses-feature
22-->[org.osmdroid:osmdroid-android:6.1.8] AndroidManifest.xml:16:5-18:36
23        android:name="android.hardware.location.network"
23-->[org.osmdroid:osmdroid-android:6.1.8] AndroidManifest.xml:17:9-57
24        android:required="false" />
24-->[org.osmdroid:osmdroid-android:6.1.8] AndroidManifest.xml:18:9-33
25    <uses-feature
25-->[org.osmdroid:osmdroid-android:6.1.8] AndroidManifest.xml:19:5-21:36
26        android:name="android.hardware.location.gps"
26-->[org.osmdroid:osmdroid-android:6.1.8] AndroidManifest.xml:20:9-53
27        android:required="false" />
27-->[org.osmdroid:osmdroid-android:6.1.8] AndroidManifest.xml:21:9-33
28    <uses-feature
28-->[org.osmdroid:osmdroid-android:6.1.8] AndroidManifest.xml:22:5-24:36
29        android:name="android.hardware.telephony"
29-->[org.osmdroid:osmdroid-android:6.1.8] AndroidManifest.xml:23:9-50
30        android:required="false" />
30-->[org.osmdroid:osmdroid-android:6.1.8] AndroidManifest.xml:24:9-33
31    <uses-feature
31-->[org.osmdroid:osmdroid-android:6.1.8] AndroidManifest.xml:25:5-27:36
32        android:name="android.hardware.wifi"
32-->[org.osmdroid:osmdroid-android:6.1.8] AndroidManifest.xml:26:9-45
33        android:required="false" /> <!-- Required by older versions of Google Play services to create IID tokens -->
33-->[org.osmdroid:osmdroid-android:6.1.8] AndroidManifest.xml:27:9-33
34    <uses-permission android:name="com.google.android.c2dm.permission.RECEIVE" />
34-->[com.google.firebase:firebase-iid:21.0.1] AndroidManifest.xml:26:5-82
34-->[com.google.firebase:firebase-iid:21.0.1] AndroidManifest.xml:26:22-79
35
36    <application
36-->src\main\AndroidManifest.xml:11:5-44:19
37        android:allowBackup="true"
37-->src\main\AndroidManifest.xml:12:9-35
38        android:appComponentFactory="androidx.core.app.CoreComponentFactory"
38-->[androidx.core:core:1.3.1] AndroidManifest.xml:24:18-86
39        android:debuggable="true"
40        android:icon="@mipmap/ic_launcher"
40-->src\main\AndroidManifest.xml:13:9-43
41        android:label="@string/app_name"
41-->src\main\AndroidManifest.xml:14:9-41
42        android:roundIcon="@mipmap/ic_launcher"
42-->src\main\AndroidManifest.xml:15:9-48
43        android:supportsRtl="true"
43-->src\main\AndroidManifest.xml:16:9-35
44        android:testOnly="true"
45        android:theme="@style/Theme.GeoNotes" >
45-->src\main\AndroidManifest.xml:17:9-46
46        <activity android:name="de.hauke_stieler.geonotes.Login" />
46-->src\main\AndroidManifest.xml:18:9-52
46-->src\main\AndroidManifest.xml:18:19-40
47        <activity android:name="de.hauke_stieler.geonotes.Register" >
47-->src\main\AndroidManifest.xml:19:9-25:20
47-->src\main\AndroidManifest.xml:19:19-43
48            <intent-filter>
48-->src\main\AndroidManifest.xml:20:13-24:29
49                <action android:name="android.intent.action.MAIN" />
49-->src\main\AndroidManifest.xml:21:17-69
49-->src\main\AndroidManifest.xml:21:25-66
50
51                <category android:name="android.intent.category.LAUNCHER" />
51-->src\main\AndroidManifest.xml:23:17-77
51-->src\main\AndroidManifest.xml:23:27-74
52            </intent-filter>
53        </activity>
54        <activity
54-->src\main\AndroidManifest.xml:26:9-28:63
55            android:name="de.hauke_stieler.geonotes.settings.SettingsActivity"
55-->src\main\AndroidManifest.xml:27:13-54
56            android:label="@string/title_activity_settings" />
56-->src\main\AndroidManifest.xml:28:13-60
57        <activity android:name="de.hauke_stieler.geonotes.MainActivity" >
57-->src\main\AndroidManifest.xml:29:9-30:20
57-->src\main\AndroidManifest.xml:29:19-47
58        </activity>
59
60        <service
60-->src\main\AndroidManifest.xml:32:9-38:19
61            android:name="de.hauke_stieler.geonotes.MyFirebaseMessagingService"
61-->src\main\AndroidManifest.xml:33:13-55
62            android:exported="false" >
62-->src\main\AndroidManifest.xml:34:13-37
63            <intent-filter>
63-->src\main\AndroidManifest.xml:35:13-37:29
64                <action android:name="com.google.firebase.MESSAGING_EVENT" />
64-->src\main\AndroidManifest.xml:36:17-78
64-->src\main\AndroidManifest.xml:36:25-75
65            </intent-filter>
66        </service>
67
68        <meta-data
68-->src\main\AndroidManifest.xml:40:9-42:71
69            android:name="com.google.firebase.messaging.default_notification_channel_id"
69-->src\main\AndroidManifest.xml:41:13-89
70            android:value="@string/default_notification_channel_id" />
70-->src\main\AndroidManifest.xml:42:13-68
71
72        <activity
72-->[com.google.firebase:firebase-auth:20.0.2] AndroidManifest.xml:27:9-44:20
73            android:name="com.google.firebase.auth.internal.GenericIdpActivity"
73-->[com.google.firebase:firebase-auth:20.0.2] AndroidManifest.xml:28:13-80
74            android:excludeFromRecents="true"
74-->[com.google.firebase:firebase-auth:20.0.2] AndroidManifest.xml:29:13-46
75            android:exported="true"
75-->[com.google.firebase:firebase-auth:20.0.2] AndroidManifest.xml:30:13-36
76            android:launchMode="singleTask"
76-->[com.google.firebase:firebase-auth:20.0.2] AndroidManifest.xml:31:13-44
77            android:theme="@android:style/Theme.Translucent.NoTitleBar" >
77-->[com.google.firebase:firebase-auth:20.0.2] AndroidManifest.xml:32:13-72
78            <intent-filter>
78-->[com.google.firebase:firebase-auth:20.0.2] AndroidManifest.xml:33:13-43:29
79                <action android:name="android.intent.action.VIEW" />
79-->[com.google.firebase:firebase-auth:20.0.2] AndroidManifest.xml:34:17-69
79-->[com.google.firebase:firebase-auth:20.0.2] AndroidManifest.xml:34:25-66
80
81                <category android:name="android.intent.category.DEFAULT" />
81-->[com.google.firebase:firebase-auth:20.0.2] AndroidManifest.xml:36:17-76
81-->[com.google.firebase:firebase-auth:20.0.2] AndroidManifest.xml:36:27-73
82                <category android:name="android.intent.category.BROWSABLE" />
82-->[com.google.firebase:firebase-auth:20.0.2] AndroidManifest.xml:37:17-78
82-->[com.google.firebase:firebase-auth:20.0.2] AndroidManifest.xml:37:27-75
83
84                <data
84-->[com.google.firebase:firebase-auth:20.0.2] AndroidManifest.xml:39:17-42:51
85                    android:host="firebase.auth"
85-->[com.google.firebase:firebase-auth:20.0.2] AndroidManifest.xml:40:21-49
86                    android:path="/"
86-->[com.google.firebase:firebase-auth:20.0.2] AndroidManifest.xml:41:21-37
87                    android:scheme="genericidp" />
87-->[com.google.firebase:firebase-auth:20.0.2] AndroidManifest.xml:42:21-48
88            </intent-filter>
89        </activity>
90        <activity
90-->[com.google.firebase:firebase-auth:20.0.2] AndroidManifest.xml:45:9-62:20
91            android:name="com.google.firebase.auth.internal.RecaptchaActivity"
91-->[com.google.firebase:firebase-auth:20.0.2] AndroidManifest.xml:46:13-79
92            android:excludeFromRecents="true"
92-->[com.google.firebase:firebase-auth:20.0.2] AndroidManifest.xml:47:13-46
93            android:exported="true"
93-->[com.google.firebase:firebase-auth:20.0.2] AndroidManifest.xml:48:13-36
94            android:launchMode="singleTask"
94-->[com.google.firebase:firebase-auth:20.0.2] AndroidManifest.xml:49:13-44
95            android:theme="@android:style/Theme.Translucent.NoTitleBar" >
95-->[com.google.firebase:firebase-auth:20.0.2] AndroidManifest.xml:50:13-72
96            <intent-filter>
96-->[com.google.firebase:firebase-auth:20.0.2] AndroidManifest.xml:51:13-61:29
97                <action android:name="android.intent.action.VIEW" />
97-->[com.google.firebase:firebase-auth:20.0.2] AndroidManifest.xml:34:17-69
97-->[com.google.firebase:firebase-auth:20.0.2] AndroidManifest.xml:34:25-66
98
99                <category android:name="android.intent.category.DEFAULT" />
99-->[com.google.firebase:firebase-auth:20.0.2] AndroidManifest.xml:36:17-76
99-->[com.google.firebase:firebase-auth:20.0.2] AndroidManifest.xml:36:27-73
100                <category android:name="android.intent.category.BROWSABLE" />
100-->[com.google.firebase:firebase-auth:20.0.2] AndroidManifest.xml:37:17-78
100-->[com.google.firebase:firebase-auth:20.0.2] AndroidManifest.xml:37:27-75
101
102                <data
102-->[com.google.firebase:firebase-auth:20.0.2] AndroidManifest.xml:39:17-42:51
103                    android:host="firebase.auth"
103-->[com.google.firebase:firebase-auth:20.0.2] AndroidManifest.xml:40:21-49
104                    android:path="/"
104-->[com.google.firebase:firebase-auth:20.0.2] AndroidManifest.xml:41:21-37
105                    android:scheme="recaptcha" />
105-->[com.google.firebase:firebase-auth:20.0.2] AndroidManifest.xml:42:21-48
106            </intent-filter>
107        </activity>
108
109        <service
109-->[com.google.firebase:firebase-auth:20.0.2] AndroidManifest.xml:64:9-73:19
110            android:name="com.google.firebase.auth.api.fallback.service.FirebaseAuthFallbackService"
110-->[com.google.firebase:firebase-auth:20.0.2] AndroidManifest.xml:65:13-101
111            android:enabled="true"
111-->[com.google.firebase:firebase-auth:20.0.2] AndroidManifest.xml:66:13-35
112            android:exported="false" >
112-->[com.google.firebase:firebase-auth:20.0.2] AndroidManifest.xml:67:13-37
113            <intent-filter>
113-->[com.google.firebase:firebase-auth:20.0.2] AndroidManifest.xml:68:13-72:29
114                <action android:name="com.google.firebase.auth.api.gms.service.START" />
114-->[com.google.firebase:firebase-auth:20.0.2] AndroidManifest.xml:69:17-89
114-->[com.google.firebase:firebase-auth:20.0.2] AndroidManifest.xml:69:25-86
115
116                <category android:name="android.intent.category.DEFAULT" />
116-->[com.google.firebase:firebase-auth:20.0.2] AndroidManifest.xml:36:17-76
116-->[com.google.firebase:firebase-auth:20.0.2] AndroidManifest.xml:36:27-73
117            </intent-filter>
118        </service>
119        <service
119-->[com.google.firebase:firebase-auth:20.0.2] AndroidManifest.xml:74:9-80:19
120            android:name="com.google.firebase.components.ComponentDiscoveryService"
120-->[com.google.firebase:firebase-auth:20.0.2] AndroidManifest.xml:75:13-84
121            android:directBootAware="true"
121-->[com.google.firebase:firebase-common:19.5.0] AndroidManifest.xml:35:13-43
122            android:exported="false" >
122-->[com.google.firebase:firebase-auth:20.0.2] AndroidManifest.xml:76:13-37
123            <meta-data
123-->[com.google.firebase:firebase-auth:20.0.2] AndroidManifest.xml:77:13-79:85
124                android:name="com.google.firebase.components:com.google.firebase.auth.FirebaseAuthRegistrar"
124-->[com.google.firebase:firebase-auth:20.0.2] AndroidManifest.xml:78:17-109
125                android:value="com.google.firebase.components.ComponentRegistrar" />
125-->[com.google.firebase:firebase-auth:20.0.2] AndroidManifest.xml:79:17-82
126            <meta-data
126-->[com.google.firebase:firebase-messaging:21.0.1] AndroidManifest.xml:39:13-41:85
127                android:name="com.google.firebase.components:com.google.firebase.messaging.FirebaseMessagingRegistrar"
127-->[com.google.firebase:firebase-messaging:21.0.1] AndroidManifest.xml:40:17-119
128                android:value="com.google.firebase.components.ComponentRegistrar" />
128-->[com.google.firebase:firebase-messaging:21.0.1] AndroidManifest.xml:41:17-82
129            <meta-data
129-->[com.google.firebase:firebase-iid:21.0.1] AndroidManifest.xml:32:13-34:85
130                android:name="com.google.firebase.components:com.google.firebase.iid.Registrar"
130-->[com.google.firebase:firebase-iid:21.0.1] AndroidManifest.xml:33:17-96
131                android:value="com.google.firebase.components.ComponentRegistrar" />
131-->[com.google.firebase:firebase-iid:21.0.1] AndroidManifest.xml:34:17-82
132            <meta-data
132-->[com.google.firebase:firebase-datatransport:17.0.10] AndroidManifest.xml:28:13-30:85
133                android:name="com.google.firebase.components:com.google.firebase.datatransport.TransportRegistrar"
133-->[com.google.firebase:firebase-datatransport:17.0.10] AndroidManifest.xml:29:17-115
134                android:value="com.google.firebase.components.ComponentRegistrar" />
134-->[com.google.firebase:firebase-datatransport:17.0.10] AndroidManifest.xml:30:17-82
135            <meta-data
135-->[com.google.firebase:firebase-installations:16.3.5] AndroidManifest.xml:18:13-20:85
136                android:name="com.google.firebase.components:com.google.firebase.installations.FirebaseInstallationsRegistrar"
136-->[com.google.firebase:firebase-installations:16.3.5] AndroidManifest.xml:19:17-127
137                android:value="com.google.firebase.components.ComponentRegistrar" />
137-->[com.google.firebase:firebase-installations:16.3.5] AndroidManifest.xml:20:17-82
138            <!--
139                This registrar is not defined in the dynamic-module-support sdk itself to allow non-firebase
140                clients to use it as well, by defining this registrar in their own core/common library.
141            -->
142            <meta-data
142-->[com.google.firebase:firebase-common:19.5.0] AndroidManifest.xml:43:13-45:85
143                android:name="com.google.firebase.components:com.google.firebase.dynamicloading.DynamicLoadingRegistrar"
143-->[com.google.firebase:firebase-common:19.5.0] AndroidManifest.xml:44:17-121
144                android:value="com.google.firebase.components.ComponentRegistrar" />
144-->[com.google.firebase:firebase-common:19.5.0] AndroidManifest.xml:45:17-82
145        </service>
146        <!--
147             FirebaseMessagingService performs security checks at runtime,
148             but set to not exported to explicitly avoid allowing another app to call it.
149        -->
150        <service
150-->[com.google.firebase:firebase-messaging:21.0.1] AndroidManifest.xml:28:9-35:19
151            android:name="com.google.firebase.messaging.FirebaseMessagingService"
151-->[com.google.firebase:firebase-messaging:21.0.1] AndroidManifest.xml:29:13-82
152            android:directBootAware="true"
152-->[com.google.firebase:firebase-messaging:21.0.1] AndroidManifest.xml:30:13-43
153            android:exported="false" >
153-->[com.google.firebase:firebase-messaging:21.0.1] AndroidManifest.xml:31:13-37
154            <intent-filter android:priority="-500" >
154-->src\main\AndroidManifest.xml:35:13-37:29
155                <action android:name="com.google.firebase.MESSAGING_EVENT" />
155-->src\main\AndroidManifest.xml:36:17-78
155-->src\main\AndroidManifest.xml:36:25-75
156            </intent-filter>
157        </service>
158
159        <receiver
159-->[com.google.firebase:firebase-iid:21.0.1] AndroidManifest.xml:37:9-44:20
160            android:name="com.google.firebase.iid.FirebaseInstanceIdReceiver"
160-->[com.google.firebase:firebase-iid:21.0.1] AndroidManifest.xml:38:13-78
161            android:exported="true"
161-->[com.google.firebase:firebase-iid:21.0.1] AndroidManifest.xml:39:13-36
162            android:permission="com.google.android.c2dm.permission.SEND" >
162-->[com.google.firebase:firebase-iid:21.0.1] AndroidManifest.xml:40:13-73
163            <intent-filter>
163-->[com.google.firebase:firebase-iid:21.0.1] AndroidManifest.xml:41:13-43:29
164                <action android:name="com.google.android.c2dm.intent.RECEIVE" />
164-->[com.google.firebase:firebase-iid:21.0.1] AndroidManifest.xml:42:17-81
164-->[com.google.firebase:firebase-iid:21.0.1] AndroidManifest.xml:42:25-78
165            </intent-filter>
166        </receiver>
167
168        <activity
168-->[com.google.android.gms:play-services-base:17.1.0] AndroidManifest.xml:23:9-26:75
169            android:name="com.google.android.gms.common.api.GoogleApiActivity"
169-->[com.google.android.gms:play-services-base:17.1.0] AndroidManifest.xml:24:13-79
170            android:exported="false"
170-->[com.google.android.gms:play-services-base:17.1.0] AndroidManifest.xml:25:13-37
171            android:theme="@android:style/Theme.Translucent.NoTitleBar" />
171-->[com.google.android.gms:play-services-base:17.1.0] AndroidManifest.xml:26:13-72
172
173        <provider
173-->[com.google.firebase:firebase-common:19.5.0] AndroidManifest.xml:26:9-31:39
174            android:name="com.google.firebase.provider.FirebaseInitProvider"
174-->[com.google.firebase:firebase-common:19.5.0] AndroidManifest.xml:27:13-77
175            android:authorities="de.hauke_stieler.geonotes.firebaseinitprovider"
175-->[com.google.firebase:firebase-common:19.5.0] AndroidManifest.xml:28:13-72
176            android:directBootAware="true"
176-->[com.google.firebase:firebase-common:19.5.0] AndroidManifest.xml:29:13-43
177            android:exported="false"
177-->[com.google.firebase:firebase-common:19.5.0] AndroidManifest.xml:30:13-37
178            android:initOrder="100" />
178-->[com.google.firebase:firebase-common:19.5.0] AndroidManifest.xml:31:13-36
179
180        <meta-data
180-->[com.google.android.gms:play-services-basement:17.1.0] AndroidManifest.xml:23:9-25:69
181            android:name="com.google.android.gms.version"
181-->[com.google.android.gms:play-services-basement:17.1.0] AndroidManifest.xml:24:13-58
182            android:value="@integer/google_play_services_version" />
182-->[com.google.android.gms:play-services-basement:17.1.0] AndroidManifest.xml:25:13-66
183
184        <service
184-->[com.google.android.datatransport:transport-backend-cct:2.3.3] AndroidManifest.xml:29:9-35:19
185            android:name="com.google.android.datatransport.runtime.backends.TransportBackendDiscovery"
185-->[com.google.android.datatransport:transport-backend-cct:2.3.3] AndroidManifest.xml:30:13-103
186            android:exported="false" >
186-->[com.google.android.datatransport:transport-backend-cct:2.3.3] AndroidManifest.xml:31:13-37
187            <meta-data
187-->[com.google.android.datatransport:transport-backend-cct:2.3.3] AndroidManifest.xml:32:13-34:39
188                android:name="backend:com.google.android.datatransport.cct.CctBackendFactory"
188-->[com.google.android.datatransport:transport-backend-cct:2.3.3] AndroidManifest.xml:33:17-94
189                android:value="cct" />
189-->[com.google.android.datatransport:transport-backend-cct:2.3.3] AndroidManifest.xml:34:17-36
190        </service>
191        <service
191-->[com.google.android.datatransport:transport-runtime:2.2.5] AndroidManifest.xml:26:9-30:19
192            android:name="com.google.android.datatransport.runtime.scheduling.jobscheduling.JobInfoSchedulerService"
192-->[com.google.android.datatransport:transport-runtime:2.2.5] AndroidManifest.xml:27:13-117
193            android:exported="false"
193-->[com.google.android.datatransport:transport-runtime:2.2.5] AndroidManifest.xml:28:13-37
194            android:permission="android.permission.BIND_JOB_SERVICE" >
194-->[com.google.android.datatransport:transport-runtime:2.2.5] AndroidManifest.xml:29:13-69
195        </service>
196
197        <receiver
197-->[com.google.android.datatransport:transport-runtime:2.2.5] AndroidManifest.xml:32:9-34:40
198            android:name="com.google.android.datatransport.runtime.scheduling.jobscheduling.AlarmManagerSchedulerBroadcastReceiver"
198-->[com.google.android.datatransport:transport-runtime:2.2.5] AndroidManifest.xml:33:13-132
199            android:exported="false" />
199-->[com.google.android.datatransport:transport-runtime:2.2.5] AndroidManifest.xml:34:13-37
200    </application>
201
202</manifest>